<?xml version="1.0" encoding="UTF-8"?>
<!-- Generated by org.testng.reporters.JUnitReportReporter -->
<testsuite hostname="SuchenPC" failures="0" tests="1" name="com.qa.test.PostAPITest" time="4.631" errors="0" timestamp="11 Apr 2019 21:56:56 GMT" skipped="0">
  <testcase classname="com.qa.test.PostAPITest" name="postAPITest" time="4.631"/>
</testsuite> <!-- com.qa.test.PostAPITest -->
